<?xml version="1.0" encoding="utf-8"?><testsuites name="pytest tests"><testsuite name="pytest" errors="0" failures="0" skipped="0" tests="14" time="6.489" timestamp="2026-07-02T17:48:01.502998+00:00" hostname="agent-env-1591bd09-9105-453b-8d95-3be1d0853049"><testcase classname="backend.tests.test_iteration3" name="test_tools_count_at_least_124" time="0.349" /><testcase classname="backend.tests.test_iteration3.TestRegister" name="test_register_new_user" time="0.358" /><testcase classname="backend.tests.test_iteration3.TestRegister" name="test_register_duplicate_email" time="0.199" /><testcase classname="backend.tests.test_iteration3.TestRegister" name="test_register_short_password" time="0.143" /><testcase classname="backend.tests.test_iteration3.TestRegister" name="test_me_returns_new_user" time="0.166" /><testcase classname="backend.tests.test_iteration3.TestBookmarks" name="test_bookmarks_require_auth" time="0.141" /><testcase classname="backend.tests.test_iteration3.TestBookmarks" name="test_add_bookmark" time="0.570" /><testcase classname="backend.tests.test_iteration3.TestBookmarks" name="test_list_bookmarks" time="0.144" /><testcase classname="backend.tests.test_iteration3.TestBookmarks" name="test_add_bookmark_invalid_slug" time="0.133" /><testcase classname="backend.tests.test_iteration3.TestBookmarks" name="test_remove_bookmark" time="0.381" /><testcase classname="backend.tests.test_iteration3" name="test_rate_limit_login_returns_429_after_5" time="2.537" /><testcase classname="backend.tests.test_iteration3.TestImportExtras" name="test_requires_auth" time="0.181" /><testcase classname="backend.tests.test_iteration3.TestImportExtras" name="test_import_extras_idempotent" time="0.624" /><testcase classname="backend.tests.test_iteration3" name="test_admin_login_regression" time="0.364" /></testsuite></testsuites>