<?xml version="1.0" encoding="utf-8"?><testsuites name="pytest tests"><testsuite name="pytest" errors="0" failures="0" skipped="0" tests="34" time="23.046" timestamp="2026-07-02T17:22:50.522952+00:00" hostname="agent-env-1591bd09-9105-453b-8d95-3be1d0853049"><testcase classname="backend.tests.backend_test" name="test_root_ok" time="0.202" /><testcase classname="backend.tests.backend_test.TestAuth" name="test_login_bad_password" time="0.360" /><testcase classname="backend.tests.backend_test.TestAuth" name="test_login_ok_sets_cookie" time="0.372" /><testcase classname="backend.tests.backend_test.TestAuth" name="test_me_requires_auth" time="0.142" /><testcase classname="backend.tests.backend_test.TestAuth" name="test_me_with_bearer" time="0.506" /><testcase classname="backend.tests.backend_test.TestAuth" name="test_me_with_cookie" time="0.429" /><testcase classname="backend.tests.backend_test.TestPublic" name="test_tools_list" time="0.141" /><testcase classname="backend.tests.backend_test.TestPublic" name="test_tools_filter_by_category" time="0.158" /><testcase classname="backend.tests.backend_test.TestPublic" name="test_tools_search" time="0.138" /><testcase classname="backend.tests.backend_test.TestPublic" name="test_tool_detail" time="0.137" /><testcase classname="backend.tests.backend_test.TestPublic" name="test_tool_detail_404" time="0.209" /><testcase classname="backend.tests.backend_test.TestPublic" name="test_categories" time="0.141" /><testcase classname="backend.tests.backend_test.TestPublic" name="test_career_packs" time="0.268" /><testcase classname="backend.tests.backend_test.TestPublic" name="test_faq" time="0.137" /><testcase classname="backend.tests.backend_test.TestPublic" name="test_roadmap" time="0.131" /><testcase classname="backend.tests.backend_test.TestAdminGuards" name="test_admin_endpoints_require_auth" time="0.397" /><testcase classname="backend.tests.backend_test.TestAdminGuards" name="test_create_tool_requires_auth" time="0.143" /><testcase classname="backend.tests.backend_test.TestAdminGuards" name="test_super_admin_only_for_create_admin" time="0.137" /><testcase classname="backend.tests.backend_test.TestToolCRUD" name="test_create_tool" time="0.260" /><testcase classname="backend.tests.backend_test.TestToolCRUD" name="test_update_tool" time="0.272" /><testcase classname="backend.tests.backend_test.TestToolCRUD" name="test_delete_tool" time="0.270" /><testcase classname="backend.tests.backend_test.TestCategoryCRUD" name="test_create_category" time="0.131" /><testcase classname="backend.tests.backend_test.TestCategoryCRUD" name="test_update_category" time="0.162" /><testcase classname="backend.tests.backend_test.TestCategoryCRUD" name="test_delete_category" time="0.140" /><testcase classname="backend.tests.backend_test.TestCareerPackCRUD" name="test_create_pack" time="0.138" /><testcase classname="backend.tests.backend_test.TestCareerPackCRUD" name="test_delete_pack" time="0.138" /><testcase classname="backend.tests.backend_test.TestAdminManagement" name="test_list_users" time="0.141" /><testcase classname="backend.tests.backend_test.TestAdminManagement" name="test_list_admins" time="0.129" /><testcase classname="backend.tests.backend_test.TestAdminManagement" name="test_invite_admin" time="0.355" /><testcase classname="backend.tests.backend_test.TestAdminManagement" name="test_reset_password" time="0.791" /><testcase classname="backend.tests.backend_test.TestAdminManagement" name="test_super_admin_cannot_delete_self" time="0.274" /><testcase classname="backend.tests.backend_test.TestAdminManagement" name="test_delete_admin" time="0.147" /><testcase classname="backend.tests.backend_test" name="test_analytics" time="0.137" /><testcase classname="backend.tests.backend_test" name="test_chat_stream" time="15.338" /></testsuite></testsuites>